CRITICAL - 2023-04-27 09:32:40 --> Call to undefined function App\Controllers\t()
in APPPATH/Controllers/MyProfile.php on line 30.
 1 SYSTEMPATH/CodeIgniter.php(934): App\Controllers\MyProfile->index()
 2 SYSTEMPATH/CodeIgniter.php(499): CodeIgniter\CodeIgniter->runController()
 3 SYSTEMPATH/CodeIgniter.php(368): CodeIgniter\CodeIgniter->handleRequest()
 4 FCPATH/index.php(67): CodeIgniter\CodeIgniter->run()
CRITICAL - 2023-04-27 09:33:42 --> Call to undefined function App\Controllers\get_cookie()
in APPPATH/Controllers/Home.php on line 11.
 1 SYSTEMPATH/CodeIgniter.php(934): App\Controllers\Home->index()
 2 SYSTEMPATH/CodeIgniter.php(499): CodeIgniter\CodeIgniter->runController()
 3 SYSTEMPATH/CodeIgniter.php(368): CodeIgniter\CodeIgniter->handleRequest()
 4 FCPATH/index.php(67): CodeIgniter\CodeIgniter->run()
CRITICAL - 2023-04-27 09:53:57 --> Undefined variable $country
in APPPATH/Views/home.php on line 23.
 1 APPPATH/Views/home.php(23): CodeIgniter\Debug\Exceptions->errorHandler()
 2 SYSTEMPATH/View/View.php(213): include('APPPATH/Views/home.php')
 3 SYSTEMPATH/View/View.php(216): CodeIgniter\View\View->CodeIgniter\View\{closure}()
 4 SYSTEMPATH/Common.php(1184): CodeIgniter\View\View->render()
 5 APPPATH/Controllers/Home.php(24): view()
 6 SYSTEMPATH/CodeIgniter.php(934): App\Controllers\Home->index()
 7 SYSTEMPATH/CodeIgniter.php(499): CodeIgniter\CodeIgniter->runController()
 8 SYSTEMPATH/CodeIgniter.php(368): CodeIgniter\CodeIgniter->handleRequest()
 9 FCPATH/index.php(67): CodeIgniter\CodeIgniter->run()
CRITICAL - 2023-04-27 09:56:36 --> Cannot use object of type mysqli as array
in APPPATH/Views/home.php on line 24.
 1 SYSTEMPATH/View/View.php(213): include()
 2 SYSTEMPATH/View/View.php(216): CodeIgniter\View\View->CodeIgniter\View\{closure}()
 3 SYSTEMPATH/Common.php(1184): CodeIgniter\View\View->render()
 4 APPPATH/Controllers/Home.php(28): view()
 5 SYSTEMPATH/CodeIgniter.php(934): App\Controllers\Home->index()
 6 SYSTEMPATH/CodeIgniter.php(499): CodeIgniter\CodeIgniter->runController()
 7 SYSTEMPATH/CodeIgniter.php(368): CodeIgniter\CodeIgniter->handleRequest()
 8 FCPATH/index.php(67): CodeIgniter\CodeIgniter->run()
CRITICAL - 2023-04-27 09:57:24 --> You must set the database table to be used with your query.
in SYSTEMPATH/Database/BaseConnection.php on line 882.
 1 SYSTEMPATH/Model.php(642): CodeIgniter\Database\BaseConnection->table()
 2 SYSTEMPATH/Model.php(234): CodeIgniter\Model->builder()
 3 SYSTEMPATH/BaseModel.php(618): CodeIgniter\Model->doFindAll()
 4 APPPATH/Controllers/Home.php(22): CodeIgniter\BaseModel->findAll()
 5 SYSTEMPATH/CodeIgniter.php(934): App\Controllers\Home->index()
 6 SYSTEMPATH/CodeIgniter.php(499): CodeIgniter\CodeIgniter->runController()
 7 SYSTEMPATH/CodeIgniter.php(368): CodeIgniter\CodeIgniter->handleRequest()
 8 FCPATH/index.php(67): CodeIgniter\CodeIgniter->run()
CRITICAL - 2023-04-27 09:58:16 --> You must set the database table to be used with your query.
in SYSTEMPATH/Database/BaseConnection.php on line 882.
 1 SYSTEMPATH/Model.php(642): CodeIgniter\Database\BaseConnection->table()
 2 SYSTEMPATH/Model.php(234): CodeIgniter\Model->builder()
 3 SYSTEMPATH/BaseModel.php(618): CodeIgniter\Model->doFindAll()
 4 APPPATH/Controllers/Home.php(22): CodeIgniter\BaseModel->findAll()
 5 SYSTEMPATH/CodeIgniter.php(934): App\Controllers\Home->index()
 6 SYSTEMPATH/CodeIgniter.php(499): CodeIgniter\CodeIgniter->runController()
 7 SYSTEMPATH/CodeIgniter.php(368): CodeIgniter\CodeIgniter->handleRequest()
 8 FCPATH/index.php(67): CodeIgniter\CodeIgniter->run()
CRITICAL - 2023-04-27 09:58:17 --> You must set the database table to be used with your query.
in SYSTEMPATH/Database/BaseConnection.php on line 882.
 1 SYSTEMPATH/Model.php(642): CodeIgniter\Database\BaseConnection->table()
 2 SYSTEMPATH/Model.php(234): CodeIgniter\Model->builder()
 3 SYSTEMPATH/BaseModel.php(618): CodeIgniter\Model->doFindAll()
 4 APPPATH/Controllers/Home.php(22): CodeIgniter\BaseModel->findAll()
 5 SYSTEMPATH/CodeIgniter.php(934): App\Controllers\Home->index()
 6 SYSTEMPATH/CodeIgniter.php(499): CodeIgniter\CodeIgniter->runController()
 7 SYSTEMPATH/CodeIgniter.php(368): CodeIgniter\CodeIgniter->handleRequest()
 8 FCPATH/index.php(67): CodeIgniter\CodeIgniter->run()
CRITICAL - 2023-04-27 09:58:25 --> Call to undefined method CodeIgniter\Database\MySQLi\Builder::findAll()
in APPPATH/Models/Cat_model.php on line 12.
 1 APPPATH/Controllers/Home.php(22): App\Models\Cat_model->get_cats()
 2 SYSTEMPATH/CodeIgniter.php(934): App\Controllers\Home->index()
 3 SYSTEMPATH/CodeIgniter.php(499): CodeIgniter\CodeIgniter->runController()
 4 SYSTEMPATH/CodeIgniter.php(368): CodeIgniter\CodeIgniter->handleRequest()
 5 FCPATH/index.php(67): CodeIgniter\CodeIgniter->run()
CRITICAL - 2023-04-27 10:10:00 --> Undefined variable $profile
in APPPATH/Views/home.php on line 12.
 1 APPPATH/Views/home.php(12): CodeIgniter\Debug\Exceptions->errorHandler()
 2 SYSTEMPATH/View/View.php(213): include('APPPATH/Views/home.php')
 3 SYSTEMPATH/View/View.php(216): CodeIgniter\View\View->CodeIgniter\View\{closure}()
 4 SYSTEMPATH/Common.php(1184): CodeIgniter\View\View->render()
 5 APPPATH/Controllers/Home.php(44): view()
 6 SYSTEMPATH/CodeIgniter.php(934): App\Controllers\Home->addCat()
 7 SYSTEMPATH/CodeIgniter.php(499): CodeIgniter\CodeIgniter->runController()
 8 SYSTEMPATH/CodeIgniter.php(368): CodeIgniter\CodeIgniter->handleRequest()
 9 FCPATH/index.php(67): CodeIgniter\CodeIgniter->run()
