CRITICAL - 2023-04-18 22:10:06 --> Trying to access array offset on value of type null
in APPPATH/Controllers/MyProfile.php on line 17.
 1 APPPATH/Controllers/MyProfile.php(17): CodeIgniter\Debug\Exceptions->errorHandler()
 2 SYSTEMPATH/CodeIgniter.php(934): App\Controllers\MyProfile->index()
 3 SYSTEMPATH/CodeIgniter.php(499): CodeIgniter\CodeIgniter->runController()
 4 SYSTEMPATH/CodeIgniter.php(368): CodeIgniter\CodeIgniter->handleRequest()
 5 FCPATH/index.php(67): CodeIgniter\CodeIgniter->run()
CRITICAL - 2023-04-18 22:11:32 --> Trying to access array offset on value of type null
in APPPATH/Controllers/MyProfile.php on line 17.
 1 APPPATH/Controllers/MyProfile.php(17): CodeIgniter\Debug\Exceptions->errorHandler()
 2 SYSTEMPATH/CodeIgniter.php(934): App\Controllers\MyProfile->index()
 3 SYSTEMPATH/CodeIgniter.php(499): CodeIgniter\CodeIgniter->runController()
 4 SYSTEMPATH/CodeIgniter.php(368): CodeIgniter\CodeIgniter->handleRequest()
 5 FCPATH/index.php(67): CodeIgniter\CodeIgniter->run()
CRITICAL - 2023-04-18 22:11:32 --> Trying to access array offset on value of type null
in APPPATH/Controllers/MyProfile.php on line 17.
 1 APPPATH/Controllers/MyProfile.php(17): CodeIgniter\Debug\Exceptions->errorHandler()
 2 SYSTEMPATH/CodeIgniter.php(934): App\Controllers\MyProfile->index()
 3 SYSTEMPATH/CodeIgniter.php(499): CodeIgniter\CodeIgniter->runController()
 4 SYSTEMPATH/CodeIgniter.php(368): CodeIgniter\CodeIgniter->handleRequest()
 5 FCPATH/index.php(67): CodeIgniter\CodeIgniter->run()
CRITICAL - 2023-04-18 22:11:52 --> Trying to access array offset on value of type null
in APPPATH/Controllers/MyProfile.php on line 17.
 1 APPPATH/Controllers/MyProfile.php(17): CodeIgniter\Debug\Exceptions->errorHandler()
 2 SYSTEMPATH/CodeIgniter.php(934): App\Controllers\MyProfile->index()
 3 SYSTEMPATH/CodeIgniter.php(499): CodeIgniter\CodeIgniter->runController()
 4 SYSTEMPATH/CodeIgniter.php(368): CodeIgniter\CodeIgniter->handleRequest()
 5 FCPATH/index.php(67): CodeIgniter\CodeIgniter->run()
CRITICAL - 2023-04-18 22:22:57 --> Call to undefined function App\Controllers\get_cookie()
in APPPATH/Controllers/MyProfile.php on line 12.
 1 SYSTEMPATH/CodeIgniter.php(934): App\Controllers\MyProfile->index()
 2 SYSTEMPATH/CodeIgniter.php(499): CodeIgniter\CodeIgniter->runController()
 3 SYSTEMPATH/CodeIgniter.php(368): CodeIgniter\CodeIgniter->handleRequest()
 4 FCPATH/index.php(67): CodeIgniter\CodeIgniter->run()
CRITICAL - 2023-04-18 22:31:16 --> Call to undefined function get_cookie()
in APPPATH/Views/login.php on line 7.
 1 SYSTEMPATH/View/View.php(213): include()
 2 SYSTEMPATH/View/View.php(216): CodeIgniter\View\View->CodeIgniter\View\{closure}()
 3 SYSTEMPATH/Common.php(1184): CodeIgniter\View\View->render()
 4 APPPATH/Controllers/Login.php(23): view()
 5 SYSTEMPATH/CodeIgniter.php(934): App\Controllers\Login->index()
 6 SYSTEMPATH/CodeIgniter.php(499): CodeIgniter\CodeIgniter->runController()
 7 SYSTEMPATH/CodeIgniter.php(368): CodeIgniter\CodeIgniter->handleRequest()
 8 FCPATH/index.php(67): CodeIgniter\CodeIgniter->run()
CRITICAL - 2023-04-18 23:13:57 --> password_hash() expects at least 2 arguments, 1 given
in APPPATH/Controllers/Login.php on line 34.
 1 APPPATH/Controllers/Login.php(34): password_hash()
 2 SYSTEMPATH/CodeIgniter.php(934): App\Controllers\Login->check_login()
 3 SYSTEMPATH/CodeIgniter.php(499): CodeIgniter\CodeIgniter->runController()
 4 SYSTEMPATH/CodeIgniter.php(368): CodeIgniter\CodeIgniter->handleRequest()
 5 FCPATH/index.php(67): CodeIgniter\CodeIgniter->run()
CRITICAL - 2023-04-18 23:14:27 --> Undefined array key 0
in APPPATH/Models/User_model.php on line 15.
 1 APPPATH/Models/User_model.php(15): CodeIgniter\Debug\Exceptions->errorHandler()
 2 APPPATH/Controllers/Login.php(36): App\Models\User_model->login()
 3 SYSTEMPATH/CodeIgniter.php(934): App\Controllers\Login->check_login()
 4 SYSTEMPATH/CodeIgniter.php(499): CodeIgniter\CodeIgniter->runController()
 5 SYSTEMPATH/CodeIgniter.php(368): CodeIgniter\CodeIgniter->handleRequest()
 6 FCPATH/index.php(67): CodeIgniter\CodeIgniter->run()
CRITICAL - 2023-04-18 23:14:52 --> Attempt to read property "password" on array
in APPPATH/Models/User_model.php on line 15.
 1 APPPATH/Models/User_model.php(15): CodeIgniter\Debug\Exceptions->errorHandler()
 2 APPPATH/Controllers/Login.php(36): App\Models\User_model->login()
 3 SYSTEMPATH/CodeIgniter.php(934): App\Controllers\Login->check_login()
 4 SYSTEMPATH/CodeIgniter.php(499): CodeIgniter\CodeIgniter->runController()
 5 SYSTEMPATH/CodeIgniter.php(368): CodeIgniter\CodeIgniter->handleRequest()
 6 FCPATH/index.php(67): CodeIgniter\CodeIgniter->run()
CRITICAL - 2023-04-18 23:24:43 --> Undefined constant "n"
in APPPATH/Models/User_model.php on line 16.
 1 APPPATH/Controllers/Login.php(36): App\Models\User_model->login()
 2 SYSTEMPATH/CodeIgniter.php(934): App\Controllers\Login->check_login()
 3 SYSTEMPATH/CodeIgniter.php(499): CodeIgniter\CodeIgniter->runController()
 4 SYSTEMPATH/CodeIgniter.php(368): CodeIgniter\CodeIgniter->handleRequest()
 5 FCPATH/index.php(67): CodeIgniter\CodeIgniter->run()
CRITICAL - 2023-04-18 23:56:25 --> Undefined variable $password
in APPPATH/Models/User_model.php on line 15.
 1 APPPATH/Models/User_model.php(15): CodeIgniter\Debug\Exceptions->errorHandler()
 2 APPPATH/Controllers/Login.php(36): App\Models\User_model->login()
 3 SYSTEMPATH/CodeIgniter.php(934): App\Controllers\Login->check_login()
 4 SYSTEMPATH/CodeIgniter.php(499): CodeIgniter\CodeIgniter->runController()
 5 SYSTEMPATH/CodeIgniter.php(368): CodeIgniter\CodeIgniter->handleRequest()
 6 FCPATH/index.php(67): CodeIgniter\CodeIgniter->run()
